0 info it worked if it ends with ok
1 verbose cli [ 'c:\\Program Files\\nodejs\\node.exe',
1 verbose cli   'c:\\Program Files\\nodejs\\node_modules\\npm\\bin\\npm-cli.js',
1 verbose cli   'install',
1 verbose cli   '--save',
1 verbose cli   'angular-route@1.2.24' ]
2 info using npm@3.6.0
3 info using node@v5.6.0
4 silly loadCurrentTree Starting
5 silly install loadCurrentTree
6 silly install readLocalPackageData
7 silly fetchPackageMetaData angular-route@1.2.24
8 silly fetchNamedPackageData angular-route
9 silly mapToRegistry name angular-route
10 silly mapToRegistry using default registry
11 silly mapToRegistry registry http://registry.npmjs.org/
12 silly mapToRegistry uri http://registry.npmjs.org/angular-route
13 verbose request uri http://registry.npmjs.org/angular-route
14 verbose request no auth needed
15 info attempt registry request try #1 at 12:37:15 PM
16 verbose request id 22bae1e2014a70bf
17 verbose etag "8VM9N74K4IPZ9EH52RQ1B39Q5"
18 http request GET http://registry.npmjs.org/angular-route
19 http 304 http://registry.npmjs.org/angular-route
20 verbose headers { server: 'CouchDB/1.5.0 (Erlang OTP/R16B03)',
20 verbose headers   etag: '"8VM9N74K4IPZ9EH52RQ1B39Q5"',
20 verbose headers   'content-type': 'application/json',
20 verbose headers   'cache-control': 'max-age=300',
20 verbose headers   'accept-ranges': 'bytes',
20 verbose headers   date: 'Fri, 11 Nov 2016 17:37:15 GMT',
20 verbose headers   via: '1.1 varnish',
20 verbose headers   'x-served-by': 'cache-atl6247-ATL',
20 verbose headers   'x-cache': 'HIT',
20 verbose headers   'x-cache-hits': '1',
20 verbose headers   'x-timer': 'S1478885835.338158,VS0,VE0',
20 verbose headers   vary: 'Accept-Encoding',
20 verbose headers   connection: 'Keep-Alive',
20 verbose headers   age: '4' }
21 silly get cb [ 304,
21 silly get   { server: 'CouchDB/1.5.0 (Erlang OTP/R16B03)',
21 silly get     etag: '"8VM9N74K4IPZ9EH52RQ1B39Q5"',
21 silly get     'content-type': 'application/json',
21 silly get     'cache-control': 'max-age=300',
21 silly get     'accept-ranges': 'bytes',
21 silly get     date: 'Fri, 11 Nov 2016 17:37:15 GMT',
21 silly get     via: '1.1 varnish',
21 silly get     'x-served-by': 'cache-atl6247-ATL',
21 silly get     'x-cache': 'HIT',
21 silly get     'x-cache-hits': '1',
21 silly get     'x-timer': 'S1478885835.338158,VS0,VE0',
21 silly get     vary: 'Accept-Encoding',
21 silly get     connection: 'Keep-Alive',
21 silly get     age: '4' } ]
22 verbose etag http://registry.npmjs.org/angular-route from cache
23 verbose get saving angular-route to C:\Users\bc719c\AppData\Roaming\npm-cache\registry.npmjs.org\angular-route\.cache.json
24 verbose correctMkdir C:\Users\bc719c\AppData\Roaming\npm-cache correctMkdir not in flight; initializing
25 silly fetchPackageMetaData Error: No compatible version found: angular-route@1.2.24
25 silly fetchPackageMetaData Valid install targets:
25 silly fetchPackageMetaData 1.6.0-rc.0, 1.5.8, 1.5.7, 1.5.6, 1.5.5, 1.5.3, 1.5.2, 1.5.1, 1.5.0, 1.5.0-rc.2, 1.5.0-rc.1, 1.5.0-rc.0, 1.5.0-beta.2, 1.5.0-beta.0, 1.4.14, 1.4.13, 1.4.12, 1.4.11, 1.4.10, 1.4.9, 1.4.8, 1.4.7, 1.4.6, 1.4.5, 1.4.4, 1.4.3, 1.4.2, 1.4.1, 1.4.0, 1.4.0-rc.2, 1.4.0-rc.1, 1.4.0-rc.0, 1.4.0-beta.6, 1.4.0-beta.5, 1.4.0-beta.4, 1.4.0-beta.3, 1.4.0-beta.2, 1.4.0-beta.1, 1.4.0-beta.0, 1.3.20, 1.3.19, 1.3.18, 1.3.17, 1.3.16, 1.3.15, 1.3.14, 1.3.13, 1.3.12, 1.3.11, 1.3.10, 1.3.9, 1.3.8, 1.3.7, 1.3.6, 1.3.5, 1.3.4, 1.3.4-build.3588, 1.3.3, 1.3.2, 1.3.1, 1.3.0, 1.3.0-rc.5, 1.2.32, 1.2.31, 1.2.30, 1.2.29, 1.2.28, 1.2.27, 1.2.17-build.163.1
25 silly fetchPackageMetaData
25 silly fetchPackageMetaData     at pickVersionFromRegistryDocument (c:\Program Files\nodejs\node_modules\npm\lib\fetch-package-metadata.js:156:16)
25 silly fetchPackageMetaData     at c:\Program Files\nodejs\node_modules\npm\node_modules\iferr\index.js:13:50
25 silly fetchPackageMetaData     at c:\Program Files\nodejs\node_modules\npm\lib\utils\pulse-till-done.js:19:8
25 silly fetchPackageMetaData     at saved (c:\Program Files\nodejs\node_modules\npm\lib\cache\caching-client.js:168:7)
25 silly fetchPackageMetaData     at c:\Program Files\nodejs\node_modules\npm\node_modules\graceful-fs\polyfills.js:210:7
25 silly fetchPackageMetaData     at FSReqWrap.oncomplete (fs.js:82:15)
25 silly fetchPackageMetaData  error for angular-route@1.2.24 [Error: No compatible version found: angular-route@1.2.24
25 silly fetchPackageMetaData Valid install targets:
25 silly fetchPackageMetaData 1.6.0-rc.0, 1.5.8, 1.5.7, 1.5.6, 1.5.5, 1.5.3, 1.5.2, 1.5.1, 1.5.0, 1.5.0-rc.2, 1.5.0-rc.1, 1.5.0-rc.0, 1.5.0-beta.2, 1.5.0-beta.0, 1.4.14, 1.4.13, 1.4.12, 1.4.11, 1.4.10, 1.4.9, 1.4.8, 1.4.7, 1.4.6, 1.4.5, 1.4.4, 1.4.3, 1.4.2, 1.4.1, 1.4.0, 1.4.0-rc.2, 1.4.0-rc.1, 1.4.0-rc.0, 1.4.0-beta.6, 1.4.0-beta.5, 1.4.0-beta.4, 1.4.0-beta.3, 1.4.0-beta.2, 1.4.0-beta.1, 1.4.0-beta.0, 1.3.20, 1.3.19, 1.3.18, 1.3.17, 1.3.16, 1.3.15, 1.3.14, 1.3.13, 1.3.12, 1.3.11, 1.3.10, 1.3.9, 1.3.8, 1.3.7, 1.3.6, 1.3.5, 1.3.4, 1.3.4-build.3588, 1.3.3, 1.3.2, 1.3.1, 1.3.0, 1.3.0-rc.5, 1.2.32, 1.2.31, 1.2.30, 1.2.29, 1.2.28, 1.2.27, 1.2.17-build.163.1
25 silly fetchPackageMetaData ]
26 silly rollbackFailedOptional Starting
27 silly rollbackFailedOptional Finishing
28 silly runTopLevelLifecycles Starting
29 silly runTopLevelLifecycles Finishing
30 silly install printInstalled
31 verbose stack Error: No compatible version found: angular-route@1.2.24
31 verbose stack Valid install targets:
31 verbose stack 1.6.0-rc.0, 1.5.8, 1.5.7, 1.5.6, 1.5.5, 1.5.3, 1.5.2, 1.5.1, 1.5.0, 1.5.0-rc.2, 1.5.0-rc.1, 1.5.0-rc.0, 1.5.0-beta.2, 1.5.0-beta.0, 1.4.14, 1.4.13, 1.4.12, 1.4.11, 1.4.10, 1.4.9, 1.4.8, 1.4.7, 1.4.6, 1.4.5, 1.4.4, 1.4.3, 1.4.2, 1.4.1, 1.4.0, 1.4.0-rc.2, 1.4.0-rc.1, 1.4.0-rc.0, 1.4.0-beta.6, 1.4.0-beta.5, 1.4.0-beta.4, 1.4.0-beta.3, 1.4.0-beta.2, 1.4.0-beta.1, 1.4.0-beta.0, 1.3.20, 1.3.19, 1.3.18, 1.3.17, 1.3.16, 1.3.15, 1.3.14, 1.3.13, 1.3.12, 1.3.11, 1.3.10, 1.3.9, 1.3.8, 1.3.7, 1.3.6, 1.3.5, 1.3.4, 1.3.4-build.3588, 1.3.3, 1.3.2, 1.3.1, 1.3.0, 1.3.0-rc.5, 1.2.32, 1.2.31, 1.2.30, 1.2.29, 1.2.28, 1.2.27, 1.2.17-build.163.1
31 verbose stack
31 verbose stack     at pickVersionFromRegistryDocument (c:\Program Files\nodejs\node_modules\npm\lib\fetch-package-metadata.js:156:16)
31 verbose stack     at c:\Program Files\nodejs\node_modules\npm\node_modules\iferr\index.js:13:50
31 verbose stack     at c:\Program Files\nodejs\node_modules\npm\lib\utils\pulse-till-done.js:19:8
31 verbose stack     at saved (c:\Program Files\nodejs\node_modules\npm\lib\cache\caching-client.js:168:7)
31 verbose stack     at c:\Program Files\nodejs\node_modules\npm\node_modules\graceful-fs\polyfills.js:210:7
31 verbose stack     at FSReqWrap.oncomplete (fs.js:82:15)
32 verbose cwd c:\Users\bc719c\workspace\RCSwebsite
33 error Windows_NT 6.1.7601
34 error argv "c:\\Program Files\\nodejs\\node.exe" "c:\\Program Files\\nodejs\\node_modules\\npm\\bin\\npm-cli.js" "install" "--save" "angular-route@1.2.24"
35 error node v5.6.0
36 error npm  v3.6.0
37 error No compatible version found: angular-route@1.2.24
37 error Valid install targets:
37 error 1.6.0-rc.0, 1.5.8, 1.5.7, 1.5.6, 1.5.5, 1.5.3, 1.5.2, 1.5.1, 1.5.0, 1.5.0-rc.2, 1.5.0-rc.1, 1.5.0-rc.0, 1.5.0-beta.2, 1.5.0-beta.0, 1.4.14, 1.4.13, 1.4.12, 1.4.11, 1.4.10, 1.4.9, 1.4.8, 1.4.7, 1.4.6, 1.4.5, 1.4.4, 1.4.3, 1.4.2, 1.4.1, 1.4.0, 1.4.0-rc.2, 1.4.0-rc.1, 1.4.0-rc.0, 1.4.0-beta.6, 1.4.0-beta.5, 1.4.0-beta.4, 1.4.0-beta.3, 1.4.0-beta.2, 1.4.0-beta.1, 1.4.0-beta.0, 1.3.20, 1.3.19, 1.3.18, 1.3.17, 1.3.16, 1.3.15, 1.3.14, 1.3.13, 1.3.12, 1.3.11, 1.3.10, 1.3.9, 1.3.8, 1.3.7, 1.3.6, 1.3.5, 1.3.4, 1.3.4-build.3588, 1.3.3, 1.3.2, 1.3.1, 1.3.0, 1.3.0-rc.5, 1.2.32, 1.2.31, 1.2.30, 1.2.29, 1.2.28, 1.2.27, 1.2.17-build.163.1
38 error If you need help, you may report this error at:
38 error     <https://github.com/npm/npm/issues>
39 verbose exit [ 1, true ]
