	[RCSwebsite] App listening on port 80
	[RCSwebsite] App listening on port 80
	[RCSwebsite] App listening on port 80
	[RCSwebsite] App listening on port 80
	[RCSwebsite] App listening on port 80
	[RCSwebsite] App listening on port 80
	[RCSwebsite] App listening on port 80
	[RCSwebsite] App listening on port 80
	[RCSwebsite] App listening on port 80
	[RCSwebsite] App listening on port 80
	[RCSwebsite] App listening on port 80
	[RCSwebsite] App listening on port 80

events.js:141
      throw er; // Unhandled 'error' event
      ^
DisconnectedError: Ran out of retries trying to reconnect to "localhost:27017". Try setting `server.reconnectTries` and `server.reconnectInterval` to something higher.
    at MongooseError.DisconnectedError (/root/apps/RCSwebsite/node_modules/mongoose/lib/error/disconnected.js:21:11)
    at null.<anonymous> (/root/apps/RCSwebsite/node_modules/mongoose/lib/drivers/node-mongodb-native/connection.js:64:31)
    at emitOne (events.js:82:20)
    at emit (events.js:169:7)
    at null.<anonymous> (/root/apps/RCSwebsite/node_modules/mongodb-core/lib/topologies/server.js:304:16)
    at emitOne (events.js:77:13)
    at emit (events.js:169:7)
    at null.<anonymous> (/root/apps/RCSwebsite/node_modules/mongodb-core/lib/connection/pool.js:306:16)
    at emitTwo (events.js:87:13)
    at emit (events.js:172:7)
    at Socket.<anonymous> (/root/apps/RCSwebsite/node_modules/mongodb-core/lib/connection/connection.js:165:49)
    at Socket.g (events.js:260:16)
    at emitOne (events.js:77:13)
    at Socket.emit (events.js:169:7)
    at emitErrorNT (net.js:1256:8)
    at nextTickCallbackWith2Args (node.js:441:9)
	[RCSwebsite] App listening on port 80
	[RCSwebsite] App listening on port 80

/root/apps/RCSwebsite/node_modules/mongodb/lib/server.js:261
        process.nextTick(function() { throw err; })
                                      ^
MongoError: failed to connect to server [localhost:27017] on first connect
    at null.<anonymous> (/root/apps/RCSwebsite/node_modules/mongodb-core/lib/topologies/server.js:313:35)
    at emitOne (events.js:77:13)
    at emit (events.js:169:7)
    at null.<anonymous> (/root/apps/RCSwebsite/node_modules/mongodb-core/lib/connection/pool.js:271:12)
    at g (events.js:260:16)
    at emitTwo (events.js:87:13)
    at emit (events.js:172:7)
    at Socket.<anonymous> (/root/apps/RCSwebsite/node_modules/mongodb-core/lib/connection/connection.js:165:49)
    at Socket.g (events.js:260:16)
    at emitOne (events.js:77:13)
    at Socket.emit (events.js:169:7)
    at emitErrorNT (net.js:1256:8)
    at nextTickCallbackWith2Args (node.js:441:9)
    at process._tickCallback (node.js:355:17)
	[RCSwebsite] App listening on port 80
	[RCSwebsite] App listening on port 80
	[RCSwebsite] App listening on port 80
	[RCSwebsite] App listening on port 80
	[RCSwebsite] App listening on port 80
	[RCSwebsite] App listening on port 80
